<?xml version="1.0" encoding="UTF-8"?>
<testsuite name="utilities.JungleBorderCalculatorTest" tests="7" skipped="0" failures="0" errors="0" timestamp="2023-03-01T20:15:00" hostname="DESKTOP-5LA2LCO" time="0.008">
  <properties/>
  <testcase name="checkIfJungleCalculatesCorrectlyFifteen()" classname="utilities.JungleBorderCalculatorTest" time="0.0"/>
  <testcase name="checkIfJungleCalculatesCorrectly()" classname="utilities.JungleBorderCalculatorTest" time="0.001"/>
  <testcase name="checkIfJungleCalculatesCorrectlyTen()" classname="utilities.JungleBorderCalculatorTest" time="0.0"/>
  <testcase name="checkIfJungleCalculatesCorrectlyTwo()" classname="utilities.JungleBorderCalculatorTest" time="0.006"/>
  <testcase name="checkIfJungleCalculatesCorrectlyThree()" classname="utilities.JungleBorderCalculatorTest" time="0.001"/>
  <testcase name="checkIfJungleCalculatesCorrectlyFour()" classname="utilities.JungleBorderCalculatorTest" time="0.0"/>
  <testcase name="checkIfJungleCalculatesCorrectlyTenFifteen()" classname="utilities.JungleBorderCalculatorTest" time="0.0"/>
  <system-out><![CDATA[(0,0)(0,0)]]></system-out>
  <system-err><![CDATA[]]></system-err>
</testsuite>
