<?xml version="1.0" encoding="UTF-8"?>
<testsuite name="map.GrassSectorsTest" tests="3" skipped="0" failures="0" errors="0" timestamp="2023-03-01T20:15:00" hostname="DESKTOP-5LA2LCO" time="0.001">
  <properties/>
  <testcase name="checkIfGrassIsSpawningCorrectlyPositions()" classname="map.GrassSectorsTest" time="0.0"/>
  <testcase name="checkIfGrassIsSpawningCorrectlyNumbers()" classname="map.GrassSectorsTest" time="0.0"/>
  <testcase name="checkIfGrassIsCorrectlyPlanted()" classname="map.GrassSectorsTest" time="0.0"/>
  <system-out><![CDATA[]]></system-out>
  <system-err><![CDATA[]]></system-err>
</testsuite>
